\BOOKMARK [0][]{chapter*.4}{\376\377\000I\000n\000t\000r\000o\000d\000u\000c\000t\000i\000o\000n}{}% 1
\BOOKMARK [0][]{chapter.1}{\376\377\000A\000s\000t\000r\000o\000p\000a\000r\000t\000i\000c\000l\000e\000\040\000d\000e\000t\000e\000c\000t\000i\000o\000n}{}% 2
\BOOKMARK [1][]{section.1.1}{\376\377\000C\000o\000s\000m\000i\000c\000\040\000r\000a\000y\000s\000\040\000a\000n\000d\000\040\000p\000a\000r\000t\000i\000c\000l\000e\000s}{chapter.1}% 3
\BOOKMARK [2][]{subsection.1.1.1}{\376\377\000P\000r\000i\000m\000a\000r\000y\000\040\000c\000o\000s\000m\000i\000c\000\040\000r\000a\000y\000s}{section.1.1}% 4
\BOOKMARK [2][]{subsection.1.1.2}{\376\377\000S\000e\000c\000o\000n\000d\000a\000r\000y\000\040\000c\000o\000s\000m\000i\000c\000\040\000r\000a\000y\000s}{section.1.1}% 5
\BOOKMARK [1][]{section.1.2}{\376\377\000U\000l\000t\000r\000a\000-\000h\000i\000g\000h\000\040\000e\000n\000e\000r\000g\000y\000\040\000c\000o\000s\000m\000i\000c\000\040\000r\000a\000y\000s\000\040\000\050\000U\000H\000E\000C\000R\000s\000\051}{chapter.1}% 6
\BOOKMARK [1][]{section.1.3}{\376\377\000U\000H\000E\000C\000R\000s\000\040\000d\000e\000t\000e\000c\000t\000i\000o\000n\000\040\000t\000e\000c\000h\000n\000i\000q\000u\000e\000s}{chapter.1}% 7
\BOOKMARK [2][]{subsection.1.3.1}{\376\377\000A\000i\000r\000\040\000f\000l\000u\000o\000r\000e\000s\000c\000e\000n\000c\000e}{section.1.3}% 8
\BOOKMARK [2][]{subsection.1.3.2}{\376\377\000S\000u\000r\000f\000a\000c\000e\000\040\000p\000a\000r\000t\000i\000c\000l\000e\000\040\000d\000e\000t\000e\000c\000t\000i\000o\000n}{section.1.3}% 9
\BOOKMARK [2][]{subsection.1.3.3}{\376\377\000C\000h\000e\000r\000e\000n\000k\000o\000v\000\040\000l\000i\000g\000h\000t\000\040\000d\000e\000t\000e\000c\000t\000i\000o\000n}{section.1.3}% 10
\BOOKMARK [2][]{subsection.1.3.4}{\376\377\000H\000y\000b\000r\000i\000d\000\040\000d\000e\000t\000e\000c\000t\000i\000o\000n}{section.1.3}% 11
\BOOKMARK [1][]{section.1.4}{\376\377\000U\000H\000E\000C\000R\000s\000\040\000o\000b\000s\000e\000r\000v\000a\000t\000o\000r\000i\000e\000s}{chapter.1}% 12
\BOOKMARK [2][]{subsection.1.4.1}{\376\377\000P\000i\000e\000r\000r\000e\000\040\000A\000u\000g\000e\000r\000\040\000o\000b\000s\000e\000r\000v\000a\000t\000o\000r\000y}{section.1.4}% 13
\BOOKMARK [2][]{subsection.1.4.2}{\376\377\000T\000e\000l\000e\000s\000c\000o\000p\000e\000\040\000a\000r\000r\000a\000y\000\040\000p\000r\000o\000j\000e\000c\000t}{section.1.4}% 14
\BOOKMARK [0][]{chapter.2}{\376\377\000F\000A\000S\000T\000\040\000t\000e\000l\000e\000s\000c\000o\000p\000e}{}% 15
\BOOKMARK [1][]{section.2.1}{\376\377\000F\000A\000S\000T\000\040\000d\000e\000t\000e\000c\000t\000i\000o\000n\000\040\000a\000n\000d\000\040\000o\000p\000e\000r\000a\000t\000i\000o\000n\000\040\000s\000c\000h\000e\000m\000e}{chapter.2}% 16
\BOOKMARK [1][]{section.2.2}{\376\377\000P\000r\000o\000t\000e\000c\000t\000i\000o\000n\000\040\000h\000u\000t}{chapter.2}% 17
\BOOKMARK [1][]{section.2.3}{\376\377\000R\000e\000m\000o\000t\000e\000\040\000c\000o\000n\000t\000r\000o\000l\000\040\000a\000n\000d\000\040\000m\000o\000n\000i\000t\000o\000r\000i\000n\000g}{chapter.2}% 18
\BOOKMARK [1][]{section.2.4}{}{chapter.2}% 19
\BOOKMARK [0][]{chapter.3}{\376\377\000C\000a\000l\000i\000b\000r\000a\000t\000i\000o\000n\000\040\000o\000f\000\040\000a\000s\000t\000r\000o\000p\000a\000r\000t\000i\000c\000l\000e\000\040\000d\000e\000t\000e\000c\000t\000o\000r\000s}{}% 20
\BOOKMARK [1][]{section.3.1}{\376\377\000A\000b\000s\000o\000l\000u\000t\000e\000\040\000c\000a\000l\000i\000b\000r\000a\000t\000i\000o\000n}{chapter.3}% 21
\BOOKMARK [1][]{section.3.2}{\376\377\000R\000e\000l\000a\000t\000i\000v\000e\000\040\000c\000a\000l\000i\000b\000r\000a\000t\000i\000o\000n}{chapter.3}% 22
\BOOKMARK [1][]{section.3.3}{\376\377\000F\000A\000S\000T\000\040\000c\000a\000l\000i\000b\000r\000a\000t\000i\000o\000n}{chapter.3}% 23
\BOOKMARK [2][]{subsection.3.3.1}{\376\377\000F\000l\000a\000s\000h\000e\000r}{section.3.3}% 24
\BOOKMARK [2][]{subsection.3.3.2}{\376\377\000Y\000A\000P\000\040\000p\000u\000l\000s\000e\000r}{section.3.3}% 25
\BOOKMARK [2][]{subsection.3.3.3}{\376\377\000H\000o\000m\000o\000g\000e\000n\000o\000u\000s\000\040\000l\000i\000g\000h\000t\000\040\000s\000o\000u\000r\000c\000e}{section.3.3}% 26
\BOOKMARK [0][]{chapter.4}{\376\377\000I\000n\000s\000t\000r\000u\000m\000e\000n\000t\000a\000l\000i\000z\000a\000t\000i\000o\000n\000\040\000a\000n\000d\000\040\000m\000e\000a\000s\000u\000r\000e\000m\000e\000n\000t\000\040\000p\000r\000e\000p\000a\000r\000a\000t\000i\000o\000n}{}% 27
\BOOKMARK [1][]{section.4.1}{\376\377\000I\000n\000t\000e\000g\000r\000a\000t\000i\000o\000n\000\040\000s\000p\000h\000e\000r\000e}{chapter.4}% 28
\BOOKMARK [1][]{section.4.2}{\376\377\000P\000h\000o\000t\000o\000m\000u\000l\000t\000i\000p\000l\000i\000e\000r\000\040\000t\000u\000b\000e}{chapter.4}% 29
\BOOKMARK [2][]{subsection.4.2.1}{\376\377\000O\000p\000e\000r\000a\000t\000i\000n\000g\000\040\000p\000r\000i\000n\000c\000i\000p\000l\000e}{section.4.2}% 30
\BOOKMARK [2][]{subsection.4.2.2}{\376\377\000D\000a\000r\000k\000\040\000c\000u\000r\000r\000e\000n\000t}{section.4.2}% 31
\BOOKMARK [2][]{subsection.4.2.3}{\376\377\000T\000i\000m\000i\000n\000g\000\040\000a\000n\000d\000\040\000r\000e\000s\000p\000o\000n\000s\000e}{section.4.2}% 32
\BOOKMARK [2][]{subsection.4.2.4}{\376\377\000O\000p\000e\000r\000a\000t\000i\000n\000g\000\040\000l\000i\000f\000e\000\040\000a\000n\000d\000\040\000d\000e\000g\000r\000a\000d\000a\000t\000i\000o\000n}{section.4.2}% 33
\BOOKMARK [2][]{subsection.4.2.5}{\376\377\000F\000A\000S\000T\000'\000s\000\040\000P\000M\000T\000s}{section.4.2}% 34
\BOOKMARK [2][]{subsection.4.2.6}{\376\377\000C\000a\000l\000i\000b\000r\000a\000t\000i\000o\000n}{section.4.2}% 35
\BOOKMARK [1][]{section.4.3}{\376\377\000S\000i\000l\000i\000c\000o\000n\000\040\000P\000M}{chapter.4}% 36
\BOOKMARK [1][]{section.4.4}{\376\377\000H\000a\000r\000d\000w\000a\000r\000e\000\040\000f\000o\000r\000\040\000e\000x\000p\000e\000r\000i\000m\000e\000n\000t\000\040\000c\000o\000n\000t\000r\000o\000l}{chapter.4}% 37
\BOOKMARK [2][]{subsection.4.4.1}{\376\377\000R\000a\000s\000p\000b\000e\000r\000r\000y\000\040\000P\000i}{section.4.4}% 38
\BOOKMARK [2][]{subsection.4.4.2}{\376\377\000S\000T\000M\0003\0002\000\040\000b\000a\000s\000e\000d\000\040\000m\000i\000c\000r\000o\000c\000o\000n\000t\000r\000o\000l\000e\000r\000s}{section.4.4}% 39
\BOOKMARK [2][]{subsection.4.4.3}{\376\377\000U\000S\000B\000\040\000o\000s\000c\000i\000l\000o\000s\000c\000o\000p\000e}{section.4.4}% 40
\BOOKMARK [2][]{subsection.4.4.4}{\376\377\000P\000M\0001\0006\000\040\000o\000p\000t\000i\000c\000a\000l\000\040\000P\000o\000w\000e\000r\000\040\000m\000e\000t\000e\000r\000\040}{section.4.4}% 41
\BOOKMARK [1][]{section.4.5}{\376\377\000S\000e\000n\000s\000o\000r\000s\000\040\000a\000n\000d\000\040\000o\000t\000h\000e\000r\000\040\000e\000l\000e\000c\000t\000r\000o\000n\000i\000c\000s\000\040\000c\000o\000m\000p\000o\000n\000e\000n\000t\000s}{chapter.4}% 42
\BOOKMARK [2][]{subsection.4.5.1}{\376\377\000M\000P\000U\0006\0000\0005\0000}{section.4.5}% 43
\BOOKMARK [2][]{subsection.4.5.2}{\376\377\000s\000e\000r\000v\000o\000\040\000m\000o\000t\000o\000r\000s}{section.4.5}% 44
\BOOKMARK [2][]{subsection.4.5.3}{\376\377\000D\000a\000l\000l\000a\000s\000\040\000D\000S\0001\0008\000B\0002\0000\000\040\000t\000h\000e\000r\000m\000o\000m\000e\000t\000e\000r}{section.4.5}% 45
\BOOKMARK [0][]{chapter.5}{\376\377\000C\000a\000l\000i\000b\000r\000a\000t\000i\000o\000n\000\040\000U\000V\000\040\000o\000p\000t\000i\000c\000a\000l\000\040\000s\000o\000u\000r\000c\000e}{}% 46
\BOOKMARK [1][]{section.5.1}{\376\377\000K\000a\000r\000l\000s\000r\000u\000h\000e\000\040\000U\000V\000\040\000s\000o\000u\000r\000c\000e}{chapter.5}% 47
\BOOKMARK [1][]{section.5.2}{\376\377\000T\000e\000s\000t\000i\000n\000g\000\040\000a\000n\000d\000\040\000m\000e\000a\000s\000u\000r\000e\000m\000e\000n\000t\000\040\000o\000f\000\040\000U\000V\000\040\000s\000o\000u\000r\000c\000e}{chapter.5}% 48
\BOOKMARK [2][]{subsection.5.2.1}{\376\377\000M\000e\000a\000s\000u\000r\000i\000n\000g\000\040\000a\000p\000p\000a\000r\000a\000t\000u\000s}{section.5.2}% 49
\BOOKMARK [2][]{subsection.5.2.2}{\376\377\000D\000a\000t\000a\000\040\000a\000c\000q\000u\000i\000s\000i\000t\000i\000o\000n\000\040\000a\000n\000d\000\040\000a\000n\000a\000l\000y\000s\000i\000s}{section.5.2}% 50
\BOOKMARK [2][]{subsection.5.2.3}{\376\377\000R\000e\000s\000u\000l\000t\000s}{section.5.2}% 51
\BOOKMARK [1][]{section.5.3}{\376\377\000U\000V\000\040\000L\000E\000D\000\040\000d\000i\000o\000d\000e\000\040\000a\000g\000i\000n\000g}{chapter.5}% 52
\BOOKMARK [1][]{section.5.4}{\376\377\000O\000p\000t\000i\000c\000a\000l\000\040\000f\000e\000e\000d\000b\000a\000c\000k\000\040\000-\000\040\000p\000o\000t\000e\000n\000t\000i\000a\000l\000\040\000f\000i\000x}{chapter.5}% 53
\BOOKMARK [1][]{section.5.5}{\376\377\000M\000o\000d\000i\000f\000i\000e\000d\000\040\000U\000V\000\040\000s\000o\000u\000r\000c\000e\000\040\000f\000o\000r\000\040\000d\000r\000o\000n\000e\000\040\000m\000o\000u\000n\000t\000i\000n\000g}{chapter.5}% 54
\BOOKMARK [0][]{chapter.6}{\376\377\000M\000o\000n\000i\000t\000o\000r\000i\000n\000g\000\040\000s\000y\000s\000t\000e\000m}{}% 55
\BOOKMARK [1][]{section.6.1}{\376\377\000P\000h\000o\000t\000o\000m\000u\000l\000t\000i\000p\000l\000i\000e\000r\000\040\000r\000e\000l\000a\000t\000i\000v\000e\000\040\000c\000a\000l\000i\000b\000r\000a\000t\000i\000o\000n}{chapter.6}% 56
\BOOKMARK [1][]{section.6.2}{}{chapter.6}% 57
\BOOKMARK [1][]{section.6.3}{}{chapter.6}% 58
\BOOKMARK [0][]{chapter.7}{\376\377\000F\000A\000S\000T\000\040\000C\000a\000l\000i\000b\000r\000a\000t\000i\000o\000n\000\040\000d\000a\000t\000a\000\040\000a\000n\000a\000l\000y\000s\000i\000s}{}% 59
\BOOKMARK [1][]{section.7.1}{\376\377\000P\000h\000o\000t\000o\000m\000u\000l\000t\000i\000p\000l\000i\000e\000r\000\040\000r\000e\000l\000a\000t\000i\000v\000e\000\040\000c\000a\000l\000i\000b\000r\000a\000t\000i\000o\000n}{chapter.7}% 60
\BOOKMARK [1][]{section.7.2}{}{chapter.7}% 61
\BOOKMARK [1][]{section.7.3}{}{chapter.7}% 62
\BOOKMARK [0][]{chapter*.13}{\376\377\000C\000o\000n\000c\000l\000u\000s\000i\000o\000n}{}% 63
