This is METAFONT, Version 2.7182818 (TeX Live 2017/Debian) (preloaded base=mf 2021.8.20)  20 AUG 2021 01:42
**\mode:=ljfour; mag:=1; nonstopmode; input bssb10
(/home/dannezlomnyj/Documents/BachelorThesis/bssb10.mf
(/usr/share/texlive/texmf-dist/fonts/source/public/cm/cmbase.mf)
(/usr/share/texlive/texmf-dist/fonts/source/public/cm/romanu.mf [65] [66]
[67] [68] [69] [70] [71] [72] [73] [74] [75] [76] [77] [78] [79] [80] [81]
[82] [83] [84] [85] [86] [87] [88] [89] [90])
(/usr/share/texlive/texmf-dist/fonts/source/public/cm/romanl.mf [97] [98]
[99] [100] [101] [102] [103] [104] [105] [106] [107] [108] [109] [110] [111]
[112] [113] [114] [115] [116] [117] [118] [119] [120] [121] [122])
(/usr/share/texlive/texmf-dist/fonts/source/public/cm/greeku.mf [0] [1]
[2] [3] [4] [5] [6] [7] [8] [9] [10])
(/usr/share/texlive/texmf-dist/fonts/source/public/cm/romand.mf [48] [49]
[50] [51] [52] [53] [54] [55] [56] [57])
(/usr/share/texlive/texmf-dist/fonts/source/public/cm/romanp.mf [36] [38]
[63] [62]) (/usr/share/texlive/texmf-dist/fonts/source/public/cm/romspl.mf
[16] [17] [25] [26] [27] [28])
(/usr/share/texlive/texmf-dist/fonts/source/public/cm/romspu.mf [29] [30]
[31]) (/usr/share/texlive/texmf-dist/fonts/source/public/cm/punct.mf [33]
[60] [35] [37] [39] [40] [41] [42] [43] [44] [46] [47] [58] [59] [61] [64]
[91] [93] [96]) (/usr/share/texlive/texmf-dist/fonts/source/public/cm/accent.mf
[18] [19] [20] [21] [22] [23] [24] [32] [94] [95] [125] [126] [127])
! I can't find file `csaccent'.
l.237 input csaccent
                    ;  % czech and slovak accents definitions
Please type another input file name
! Emergency stop.
l.237 input csaccent
                    ;  % czech and slovak accents definitions
*** (job aborted, file error in nonstop mode)

Font metrics written on bssb10.tfm.
Output written on bssb10.600gf (118 characters, 20168 bytes).
